<?xml version="1.0" encoding="UTF-8"?>
<testng-results ignored="0" total="1" passed="1" failed="0" skipped="0">
  <reporter-output>
  </reporter-output>
  <suite started-at="2024-01-03T17:20:04 IST" name="Default suite" finished-at="2024-01-03T17:20:14 IST" duration-ms="10045">
    <groups>
    </groups>
    <test started-at="2024-01-03T17:20:04 IST" name="Default test" finished-at="2024-01-03T17:20:14 IST" duration-ms="10045">
      <class name="testHerbal.Healthtest">
        <test-method is-config="true" signature="setUp()[pri:0, instance:testHerbal.Healthtest@72e5a8e]" started-at="2024-01-03T17:20:04 IST" name="setUp" finished-at="2024-01-03T17:20:08 IST" duration-ms="4341" status="PASS">
          <reporter-output>
          </reporter-output>
        </test-method> <!-- setUp -->
        <test-method signature="createpage()[pri:0, instance:testHerbal.Healthtest@72e5a8e]" started-at="2024-01-03T17:20:08 IST" name="createpage" finished-at="2024-01-03T17:20:14 IST" duration-ms="5663" status="PASS">
          <reporter-output>
          </reporter-output>
        </test-method> <!-- createpage -->
      </class> <!-- testHerbal.Healthtest -->
    </test> <!-- Default test -->
  </suite> <!-- Default suite -->
</testng-results>
